Performing C SOURCE FILE Test CMAKE_HAVE_LIBC_PTHREAD failed with the following output:
Change Dir: /root/AICAS/llama_cpp/build/CMakeFiles/CMakeTmp

Run Build Command(s):/usr/bin/make cmTC_6f3ce/fast && /usr/bin/make -f CMakeFiles/cmTC_6f3ce.dir/build.make CMakeFiles/cmTC_6f3ce.dir/build
make[1]: Entering directory '/root/AICAS/llama_cpp/build/CMakeFiles/CMakeTmp'
Building C object CMakeFiles/cmTC_6f3ce.dir/src.c.o
/usr/bin/cc   -march=armv8.6-a -DCMAKE_HAVE_LIBC_PTHREAD   -std=gnu11 -o CMakeFiles/cmTC_6f3ce.dir/src.c.o   -c /root/AICAS/llama_cpp/build/CMakeFiles/CMakeTmp/src.c
Linking C executable cmTC_6f3ce
/usr/bin/cmake -E cmake_link_script CMakeFiles/cmTC_6f3ce.dir/link.txt --verbose=1
/usr/bin/cc -march=armv8.6-a -DCMAKE_HAVE_LIBC_PTHREAD    CMakeFiles/cmTC_6f3ce.dir/src.c.o  -o cmTC_6f3ce 
/usr/bin/ld: CMakeFiles/cmTC_6f3ce.dir/src.c.o: in function `main':
src.c:(.text+0x48): undefined reference to `pthread_create'
/usr/bin/ld: src.c:(.text+0x50): undefined reference to `pthread_detach'
/usr/bin/ld: src.c:(.text+0x5c): undefined reference to `pthread_join'
collect2: error: ld returned 1 exit status
make[1]: *** [CMakeFiles/cmTC_6f3ce.dir/build.make:87: cmTC_6f3ce] Error 1
make[1]: Leaving directory '/root/AICAS/llama_cpp/build/CMakeFiles/CMakeTmp'
make: *** [Makefile:121: cmTC_6f3ce/fast] Error 2


Source file was:
#include <pthread.h>

void* test_func(void* data)
{
  return data;
}

int main(void)
{
  pthread_t thread;
  pthread_create(&thread, NULL, test_func, NULL);
  pthread_detach(thread);
  pthread_join(thread, NULL);
  pthread_atfork(NULL, NULL, NULL);
  pthread_exit(NULL);

  return 0;
}

Performing C++ SOURCE FILE Test COMPILER_SUPPORTS_FP16_FORMAT_I3E failed with the following output:
Change Dir: /root/AICAS/llama_cpp/build/CMakeFiles/CMakeTmp

Run Build Command(s):/usr/bin/make cmTC_48de0/fast && /usr/bin/make -f CMakeFiles/cmTC_48de0.dir/build.make CMakeFiles/cmTC_48de0.dir/build
make[1]: Entering directory '/root/AICAS/llama_cpp/build/CMakeFiles/CMakeTmp'
Building CXX object CMakeFiles/cmTC_48de0.dir/src.cxx.o
/usr/bin/c++    -DCOMPILER_SUPPORTS_FP16_FORMAT_I3E   -mfp16-format=ieee -std=gnu++11 -o CMakeFiles/cmTC_48de0.dir/src.cxx.o -c /root/AICAS/llama_cpp/build/CMakeFiles/CMakeTmp/src.cxx
c++: error: unrecognized command-line option '-mfp16-format=ieee'
make[1]: *** [CMakeFiles/cmTC_48de0.dir/build.make:66: CMakeFiles/cmTC_48de0.dir/src.cxx.o] Error 1
make[1]: Leaving directory '/root/AICAS/llama_cpp/build/CMakeFiles/CMakeTmp'
make: *** [Makefile:121: cmTC_48de0/fast] Error 2


Source file was:
int main() { return 0; }
